2025-04-12 12:54:12,234 - job_portal - ERROR - Registration failed: (sqlite3.OperationalError) database is locked
[SQL: INSERT INTO user (username, email, password, role, profile_picture) VALUES (?, ?, ?, ?, ?)]
[parameters: ('Sharman', 'sharman.verma@gmail.com', '$2b$12$581GHVlRyEVeBOyxIkzste/POhyhUMxGJMphDfhEX1BkG4N6WfR.O', 'job_seeker', 'img/profiles/default.jpg')]
(Background on this error at: https://sqlalche.me/e/20/e3q8)
2025-04-12 12:59:29,514 - job_portal - ERROR - Registration failed: (sqlite3.OperationalError) database is locked
[SQL: INSERT INTO user (username, email, password, role, profile_picture) VALUES (?, ?, ?, ?, ?)]
[parameters: ('Sharman', 'sample87@gmail.com', '$2b$12$sS0YPz7fPaYTx6uAAWV/ueUNYLcUDgR/g4diQ4eOcFAM6BLX.BI2.', 'job_seeker', 'img/profiles/default.jpg')]
(Background on this error at: https://sqlalche.me/e/20/e3q8)
2025-04-12 13:00:31,139 - job_portal - ERROR - Registration failed: (sqlite3.OperationalError) database is locked
[SQL: INSERT INTO user (username, email, password, role, profile_picture) VALUES (?, ?, ?, ?, ?)]
[parameters: ('Sharman', 'sample87@gmail.com', '$2b$12$xlcAFXpfhuOQOcuUexapS.GsT7dqydJQhNYeIei8Vfu1RwoA/0uC2', 'job_seeker', 'img/profiles/default.jpg')]
(Background on this error at: https://sqlalche.me/e/20/e3q8)
2025-04-12 13:01:00,360 - job_portal - ERROR - Registration failed: (sqlite3.OperationalError) database is locked
[SQL: INSERT INTO user (username, email, password, role, profile_picture) VALUES (?, ?, ?, ?, ?)]
[parameters: ('Sharman', 'sample87@gmail.com', '$2b$12$kPNYiySdQ6lUL6Xsvp68GOryDN8TOMB0R/C0P3irCwsaubNBdTqWq', 'job_seeker', 'img/profiles/default.jpg')]
(Background on this error at: https://sqlalche.me/e/20/e3q8)
2025-04-12 14:38:03,659 - job_portal - ERROR - Registration failed: (sqlite3.OperationalError) database is locked
[SQL: INSERT INTO user (username, email, password, role, profile_picture) VALUES (?, ?, ?, ?, ?)]
[parameters: ('Sharman', 'sharman.joshi@gmail.com', '$2b$12$1WBz7uIdvJqc50suWM2pb.I3jYF3N.2M40QabRLnurp7ZEP6/hPRq', 'job_seeker', 'img/profiles/default.jpg')]
(Background on this error at: https://sqlalche.me/e/20/e3q8)
2025-04-12 14:39:43,545 - job_portal - ERROR - Registration failed: (sqlite3.OperationalError) database is locked
[SQL: INSERT INTO user (username, email, password, role, profile_picture) VALUES (?, ?, ?, ?, ?)]
[parameters: ('Sharman', 'sharman.joshi@gmail.com', '$2b$12$43eBlPWSE1NqMeJsNFJzkuUBcfhTMpa99m0Q9QOCYn4ggJbaCVr3K', 'job_seeker', 'img/profiles/default.jpg')]
(Background on this error at: https://sqlalche.me/e/20/e3q8)
2025-04-12 14:49:41,617 - job_portal - ERROR - Registration failed: (sqlite3.IntegrityError) UNIQUE constraint failed: user.username
[SQL: INSERT INTO user (username, email, password, role, profile_picture) VALUES (?, ?, ?, ?, ?)]
[parameters: ('Sharman', 'sharman.joshi@gmail.com', '$2b$12$nfV01woWrbVg2pM5vHJkW.TB.Z4r8V7VaI1iet9kgWp1PoFGm6GAS', 'job_seeker', 'img/profiles/default.jpg')]
(Background on this error at: https://sqlalche.me/e/20/gkpj)
2025-04-12 14:54:11,241 - job_portal - ERROR - Registration failed: (sqlite3.IntegrityError) UNIQUE constraint failed: user.username
[SQL: INSERT INTO user (username, email, password, role, profile_picture) VALUES (?, ?, ?, ?, ?)]
[parameters: ('Sharman', 'sharman.joshi@gmail.com', '$2b$12$l7gjOs4ktZrNK9GleWreDOThGFY7oNpx6ufm0sCrXZc2MzCL8l3Ma', 'job_seeker', 'img/profiles/default.jpg')]
(Background on this error at: https://sqlalche.me/e/20/gkpj)
2025-04-12 16:25:46,596 - job_portal - ERROR - Error applying to job 5: save_resume() takes 2 positional arguments but 3 were given
2025-04-12 16:27:30,094 - job_portal - ERROR - Error applying to job 6: 'ApplicationForm' object has no attribute 'cover_letter'
2025-04-12 16:28:22,938 - job_portal - ERROR - Error applying to job 11: 'ApplicationForm' object has no attribute 'cover_letter'
2025-04-12 16:30:15,486 - job_portal - ERROR - Error applying to job 11: 'cover_letter' is an invalid keyword argument for Application
2025-04-12 16:49:21,433 - job_portal - ERROR - Error creating job: (sqlite3.IntegrityError) UNIQUE constraint failed: job.title, job.company, job.poster_id, job.location
[SQL: INSERT INTO job (title, description, salary, location, category, company, company_logo, posted_date, poster_id) VALUES (?, ?, ?, ?, ?, ?, ?, ?, ?)]
[parameters: ('Senior Software Engineer - Python', "We are seeking an experienced Senior Software Engineer to join our growing team. The ideal candidate will have a strong background in Python developm ... (905 characters truncated) ... e to have:\r\n- Experience with cloud platforms (AWS/GCP)\r\n- Familiarity with DevOps practices\r\n- Knowledge of JavaScript and frontend frameworks", '$₹1,20,00,000 - ₹1,50,00,000', 'New Delhi, India', 'Technology', 'Tech Innovators Inc.', 'img/company_logos/default.png', '2025-04-12 16:41:58.961902', 3)]
(Background on this error at: https://sqlalche.me/e/20/gkpj)
2025-04-13 06:25:55,177 - job_portal - ERROR - Error updating job 15: 'JobForm' object has no attribute 'requirements'
2025-04-13 06:53:59,818 - job_portal - ERROR - Error updating user 5: 'UserEditForm' object has no attribute 'password'
2025-04-13 08:26:53,876 - job_portal - ERROR - Failed to send contact email from pgh5544@gmail.com: [Errno 111] Connection refused
2025-04-13 08:28:56,245 - job_portal - ERROR - Failed to send contact email from pgh5544@gmail.com: [Errno 111] Connection refused
2025-04-13 08:54:10,571 - job_portal - ERROR - Failed to initialize mail: 'NoneType' object is not callable
2025-04-13 09:01:21,414 - job_portal - ERROR - Failed to initialize mail: 'NoneType' object is not callable
2025-04-13 09:04:30,976 - job_portal - ERROR - Failed to initialize mail: 'NoneType' object is not callable
2025-04-13 09:52:26,023 - job_portal - ERROR - Job creation failed: name 'save_company_logo' is not defined
2025-04-13 14:35:02,964 - app - ERROR - Exception on /resume/1/Resume.pdf [GET]
Traceback (most recent call last):
  File "/home/gagan/pF/job_portal/.venv/lib/python3.12/site-packages/flask/app.py", line 1511, in wsgi_app
    response = self.full_dispatch_request()
               ^^^^^^^^^^^^^^^^^^^^^^^^^^^^
  File "/home/gagan/pF/job_portal/.venv/lib/python3.12/site-packages/flask/app.py", line 919, in full_dispatch_request
    rv = self.handle_user_exception(e)
         ^^^^^^^^^^^^^^^^^^^^^^^^^^^^^
  File "/home/gagan/pF/job_portal/.venv/lib/python3.12/site-packages/flask/app.py", line 917, in full_dispatch_request
    rv = self.dispatch_request()
         ^^^^^^^^^^^^^^^^^^^^^^^
  File "/home/gagan/pF/job_portal/.venv/lib/python3.12/site-packages/flask/app.py", line 902, in dispatch_request
    return self.ensure_sync(self.view_functions[rule.endpoint])(**view_args)  # type: ignore[no-any-return]
           ^^^^^^^^^^^^^^^^^^^^^^^^^^^^^^^^^^^^^^^^^^^^^^^^^^^^^^^^^^^^^^^^^
  File "/home/gagan/pF/job_portal/blueprints/auth/routes.py", line 39, in decorated_function
    return f(*args, **kwargs)
           ^^^^^^^^^^^^^^^^^^
  File "/home/gagan/pF/job_portal/blueprints/utils/routes.py", line 46, in serve_resume
    from app_blueprint import ENABLE_GCS_UPLOAD, GCS_BUCKET_NAME
ModuleNotFoundError: No module named 'app_blueprint'
